0 silly input []
1 silly flags { _: [ 'bootstrap' ],
1 silly flags   'reject-cycles': false,
1 silly flags   rejectCycles: false,
1 silly flags   args: [] }
2 verbose rootPath /Users/mattzeunert/projects/FromJS
3 info version 2.10.1
4 silly existsSync /Users/mattzeunert/projects/FromJS/VERSION
5 silly initialize attempt
6 silly npmConfig { registry: undefined,
6 silly npmConfig   npmClient: undefined,
6 silly npmConfig   npmClientArgs: undefined,
6 silly npmConfig   mutex: undefined }
7 silly initialize success
8 silly execute attempt
9 info Bootstrapping 5 packages
10 info lifecycle preinstall
11 silly runScript preinstall @fromjs/core
12 silly @fromjs/core
13 silly runScript preinstall @fromjs/proxy-instrumenter
14 silly @fromjs/proxy-instrumenter
15 silly runScript preinstall @fromjs/ui
16 silly @fromjs/ui
17 silly runScript preinstall @fromjs/backend
18 silly @fromjs/backend
19 silly runScript preinstall @fromjs/cli
20 silly @fromjs/cli
21 silly hasMatchingDependency @fromjs/backend @fromjs/core
22 silly hasMatchingDependency @fromjs/backend @fromjs/proxy-instrumenter
23 silly hasMatchingDependency @fromjs/backend @fromjs/ui
24 silly hasMatchingDependency @fromjs/cli @fromjs/backend
25 silly hasMatchingDependency @fromjs/ui @fromjs/core
26 silly hasDependencyInstalled @fromjs/backend error-stack-parser
27 silly dependencyIsSatisfied [ 'error-stack-parser',
27 silly dependencyIsSatisfied   '^2.0.1',
27 silly dependencyIsSatisfied   '/Users/mattzeunert/projects/FromJS/packages/backend/node_modules' ]
28 verbose dependencyIsSatisfied error-stack-parser false
29 silly hasDependencyInstalled @fromjs/backend stacktrace-gps
30 silly dependencyIsSatisfied [ 'stacktrace-gps',
30 silly dependencyIsSatisfied   '^3.0.2',
30 silly dependencyIsSatisfied   '/Users/mattzeunert/projects/FromJS/packages/backend/node_modules' ]
31 verbose dependencyIsSatisfied stacktrace-gps false
32 silly hasDependencyInstalled @fromjs/core jest
33 silly dependencyIsSatisfied [ 'jest',
33 silly dependencyIsSatisfied   '^22.4.2',
33 silly dependencyIsSatisfied   '/Users/mattzeunert/projects/FromJS/packages/core/node_modules' ]
34 verbose dependencyIsSatisfied jest true
35 silly hasDependencyInstalled @fromjs/backend prettier
36 silly dependencyIsSatisfied [ 'prettier',
36 silly dependencyIsSatisfied   '^1.12.1',
36 silly dependencyIsSatisfied   '/Users/mattzeunert/projects/FromJS/packages/backend/node_modules' ]
37 verbose dependencyIsSatisfied prettier false
38 silly hasDependencyInstalled @fromjs/core prettier
39 silly dependencyIsSatisfied [ 'prettier',
39 silly dependencyIsSatisfied   '^1.11.1',
39 silly dependencyIsSatisfied   '/Users/mattzeunert/projects/FromJS/packages/core/node_modules' ]
40 verbose dependencyIsSatisfied prettier true
41 silly hasDependencyInstalled @fromjs/core typescript
42 silly dependencyIsSatisfied [ 'typescript',
42 silly dependencyIsSatisfied   '^2.7.2',
42 silly dependencyIsSatisfied   '/Users/mattzeunert/projects/FromJS/packages/core/node_modules' ]
43 verbose dependencyIsSatisfied typescript true
44 silly hasDependencyInstalled @fromjs/backend @types/jest
45 silly dependencyIsSatisfied [ '@types/jest',
45 silly dependencyIsSatisfied   '^22.2.3',
45 silly dependencyIsSatisfied   '/Users/mattzeunert/projects/FromJS/packages/backend/node_modules' ]
46 verbose dependencyIsSatisfied @types/jest false
47 silly hasDependencyInstalled @fromjs/core @types/jest
48 silly dependencyIsSatisfied [ '@types/jest',
48 silly dependencyIsSatisfied   '^23.0.0',
48 silly dependencyIsSatisfied   '/Users/mattzeunert/projects/FromJS/packages/core/node_modules' ]
49 verbose dependencyIsSatisfied @types/jest true
50 silly hasDependencyInstalled @fromjs/backend @types/node
51 silly dependencyIsSatisfied [ '@types/node',
51 silly dependencyIsSatisfied   '^10.1.3',
51 silly dependencyIsSatisfied   '/Users/mattzeunert/projects/FromJS/packages/backend/node_modules' ]
52 verbose dependencyIsSatisfied @types/node false
53 silly hasDependencyInstalled @fromjs/cli @types/node
54 silly dependencyIsSatisfied [ '@types/node',
54 silly dependencyIsSatisfied   '^10.1.3',
54 silly dependencyIsSatisfied   '/Users/mattzeunert/projects/FromJS/packages/cli/node_modules' ]
55 verbose dependencyIsSatisfied @types/node true
56 silly hasDependencyInstalled @fromjs/proxy-instrumenter @types/node
57 silly dependencyIsSatisfied [ '@types/node',
57 silly dependencyIsSatisfied   '^10.1.3',
57 silly dependencyIsSatisfied   '/Users/mattzeunert/projects/FromJS/packages/proxy-instrumenter/node_modules' ]
58 verbose dependencyIsSatisfied @types/node true
59 silly hasDependencyInstalled @fromjs/backend body-parser
60 silly dependencyIsSatisfied [ 'body-parser',
60 silly dependencyIsSatisfied   '^1.18.2',
60 silly dependencyIsSatisfied   '/Users/mattzeunert/projects/FromJS/packages/backend/node_modules' ]
61 verbose dependencyIsSatisfied body-parser false
62 silly hasDependencyInstalled @fromjs/backend express
63 silly dependencyIsSatisfied [ 'express',
63 silly dependencyIsSatisfied   '^4.16.3',
63 silly dependencyIsSatisfied   '/Users/mattzeunert/projects/FromJS/packages/backend/node_modules' ]
64 verbose dependencyIsSatisfied express false
65 silly hasDependencyInstalled @fromjs/backend request
66 silly dependencyIsSatisfied [ 'request',
66 silly dependencyIsSatisfied   '^2.85.0',
66 silly dependencyIsSatisfied   '/Users/mattzeunert/projects/FromJS/packages/backend/node_modules' ]
67 verbose dependencyIsSatisfied request false
68 silly hasDependencyInstalled @fromjs/proxy-instrumenter request
69 silly dependencyIsSatisfied [ 'request',
69 silly dependencyIsSatisfied   '^2.83.0',
69 silly dependencyIsSatisfied   '/Users/mattzeunert/projects/FromJS/packages/proxy-instrumenter/node_modules' ]
70 verbose dependencyIsSatisfied request true
71 silly hasDependencyInstalled @fromjs/backend ts-node
72 silly dependencyIsSatisfied [ 'ts-node',
72 silly dependencyIsSatisfied   '^5.0.1',
72 silly dependencyIsSatisfied   '/Users/mattzeunert/projects/FromJS/packages/backend/node_modules' ]
73 verbose dependencyIsSatisfied ts-node false
74 silly hasDependencyInstalled @fromjs/proxy-instrumenter ts-node
75 silly dependencyIsSatisfied [ 'ts-node',
75 silly dependencyIsSatisfied   '^5.0.1',
75 silly dependencyIsSatisfied   '/Users/mattzeunert/projects/FromJS/packages/proxy-instrumenter/node_modules' ]
76 verbose dependencyIsSatisfied ts-node true
77 silly hasDependencyInstalled @fromjs/backend ws
78 silly dependencyIsSatisfied [ 'ws',
78 silly dependencyIsSatisfied   '^5.2.0',
78 silly dependencyIsSatisfied   '/Users/mattzeunert/projects/FromJS/packages/backend/node_modules' ]
79 verbose dependencyIsSatisfied ws false
80 silly hasDependencyInstalled @fromjs/cli commander
81 silly dependencyIsSatisfied [ 'commander',
81 silly dependencyIsSatisfied   '^2.15.1',
81 silly dependencyIsSatisfied   '/Users/mattzeunert/projects/FromJS/packages/cli/node_modules' ]
82 verbose dependencyIsSatisfied commander true
83 silly hasDependencyInstalled @fromjs/cli opn
84 silly dependencyIsSatisfied [ 'opn',
84 silly dependencyIsSatisfied   '^5.3.0',
84 silly dependencyIsSatisfied   '/Users/mattzeunert/projects/FromJS/packages/cli/node_modules' ]
85 verbose dependencyIsSatisfied opn true
86 silly hasDependencyInstalled @fromjs/cli puppeteer
87 silly dependencyIsSatisfied [ 'puppeteer',
87 silly dependencyIsSatisfied   '^1.4.0',
87 silly dependencyIsSatisfied   '/Users/mattzeunert/projects/FromJS/packages/cli/node_modules' ]
88 verbose dependencyIsSatisfied puppeteer true
89 silly hasDependencyInstalled @fromjs/core line-column
90 silly dependencyIsSatisfied [ 'line-column',
90 silly dependencyIsSatisfied   '^1.0.2',
90 silly dependencyIsSatisfied   '/Users/mattzeunert/projects/FromJS/packages/core/node_modules' ]
91 verbose dependencyIsSatisfied line-column true
92 silly hasDependencyInstalled @fromjs/core webpack-cli
93 silly dependencyIsSatisfied [ 'webpack-cli',
93 silly dependencyIsSatisfied   '^2.0.14',
93 silly dependencyIsSatisfied   '/Users/mattzeunert/projects/FromJS/packages/core/node_modules' ]
94 verbose dependencyIsSatisfied webpack-cli true
95 silly hasDependencyInstalled @fromjs/ui webpack-cli
96 silly dependencyIsSatisfied [ 'webpack-cli',
96 silly dependencyIsSatisfied   '^2.0.12',
96 silly dependencyIsSatisfied   '/Users/mattzeunert/projects/FromJS/packages/ui/node_modules' ]
97 verbose dependencyIsSatisfied webpack-cli true
98 silly hasDependencyInstalled @fromjs/core @babel/core
99 silly dependencyIsSatisfied [ '@babel/core',
99 silly dependencyIsSatisfied   '^7.0.0-beta.40',
99 silly dependencyIsSatisfied   '/Users/mattzeunert/projects/FromJS/packages/core/node_modules' ]
100 verbose dependencyIsSatisfied @babel/core true
101 silly hasDependencyInstalled @fromjs/core awesome-typescript-loader
102 silly dependencyIsSatisfied [ 'awesome-typescript-loader',
102 silly dependencyIsSatisfied   '^4.0.1',
102 silly dependencyIsSatisfied   '/Users/mattzeunert/projects/FromJS/packages/core/node_modules' ]
103 verbose dependencyIsSatisfied awesome-typescript-loader true
104 silly hasDependencyInstalled @fromjs/ui awesome-typescript-loader
105 silly dependencyIsSatisfied [ 'awesome-typescript-loader',
105 silly dependencyIsSatisfied   '^4.0.1',
105 silly dependencyIsSatisfied   '/Users/mattzeunert/projects/FromJS/packages/ui/node_modules' ]
106 verbose dependencyIsSatisfied awesome-typescript-loader true
107 silly hasDependencyInstalled @fromjs/core babylon
108 silly dependencyIsSatisfied [ 'babylon',
108 silly dependencyIsSatisfied   '^6.18.0',
108 silly dependencyIsSatisfied   '/Users/mattzeunert/projects/FromJS/packages/core/node_modules' ]
109 verbose dependencyIsSatisfied babylon true
110 silly hasDependencyInstalled @fromjs/core leveldown
111 silly dependencyIsSatisfied [ 'leveldown',
111 silly dependencyIsSatisfied   '^4.0.1',
111 silly dependencyIsSatisfied   '/Users/mattzeunert/projects/FromJS/packages/core/node_modules' ]
112 verbose dependencyIsSatisfied leveldown true
113 silly hasDependencyInstalled @fromjs/core levelup
114 silly dependencyIsSatisfied [ 'levelup',
114 silly dependencyIsSatisfied   '^3.0.1',
114 silly dependencyIsSatisfied   '/Users/mattzeunert/projects/FromJS/packages/core/node_modules' ]
115 verbose dependencyIsSatisfied levelup true
116 silly hasDependencyInstalled @fromjs/core ts-loader
117 silly dependencyIsSatisfied [ 'ts-loader',
117 silly dependencyIsSatisfied   '^4.1.0',
117 silly dependencyIsSatisfied   '/Users/mattzeunert/projects/FromJS/packages/core/node_modules' ]
118 verbose dependencyIsSatisfied ts-loader true
119 silly hasDependencyInstalled @fromjs/ui ts-loader
120 silly dependencyIsSatisfied [ 'ts-loader',
120 silly dependencyIsSatisfied   '^4.1.0',
120 silly dependencyIsSatisfied   '/Users/mattzeunert/projects/FromJS/packages/ui/node_modules' ]
121 verbose dependencyIsSatisfied ts-loader true
122 silly hasDependencyInstalled @fromjs/core webpack
123 silly dependencyIsSatisfied [ 'webpack',
123 silly dependencyIsSatisfied   '^4.5.0',
123 silly dependencyIsSatisfied   '/Users/mattzeunert/projects/FromJS/packages/core/node_modules' ]
124 verbose dependencyIsSatisfied webpack true
125 silly hasDependencyInstalled @fromjs/ui webpack
126 silly dependencyIsSatisfied [ 'webpack',
126 silly dependencyIsSatisfied   '^4.1.1',
126 silly dependencyIsSatisfied   '/Users/mattzeunert/projects/FromJS/packages/ui/node_modules' ]
127 verbose dependencyIsSatisfied webpack true
128 silly hasDependencyInstalled @fromjs/proxy-instrumenter http-mitm-proxy
129 silly dependencyIsSatisfied [ 'http-mitm-proxy',
129 silly dependencyIsSatisfied   '^0.6.1',
129 silly dependencyIsSatisfied   '/Users/mattzeunert/projects/FromJS/packages/proxy-instrumenter/node_modules' ]
130 verbose dependencyIsSatisfied http-mitm-proxy true
131 silly hasDependencyInstalled @fromjs/proxy-instrumenter threads
132 silly dependencyIsSatisfied [ 'threads',
132 silly dependencyIsSatisfied   '^0.10.1',
132 silly dependencyIsSatisfied   '/Users/mattzeunert/projects/FromJS/packages/proxy-instrumenter/node_modules' ]
133 verbose dependencyIsSatisfied threads true
134 silly hasDependencyInstalled @fromjs/proxy-instrumenter wait-until
135 silly dependencyIsSatisfied [ 'wait-until',
135 silly dependencyIsSatisfied   '^0.0.2',
135 silly dependencyIsSatisfied   '/Users/mattzeunert/projects/FromJS/packages/proxy-instrumenter/node_modules' ]
136 verbose dependencyIsSatisfied wait-until true
137 silly hasDependencyInstalled @fromjs/ui css-loader
138 silly dependencyIsSatisfied [ 'css-loader',
138 silly dependencyIsSatisfied   '^0.28.11',
138 silly dependencyIsSatisfied   '/Users/mattzeunert/projects/FromJS/packages/ui/node_modules' ]
139 verbose dependencyIsSatisfied css-loader true
140 silly hasDependencyInstalled @fromjs/ui node-sass
141 silly dependencyIsSatisfied [ 'node-sass',
141 silly dependencyIsSatisfied   '^4.9.0',
141 silly dependencyIsSatisfied   '/Users/mattzeunert/projects/FromJS/packages/ui/node_modules' ]
142 verbose dependencyIsSatisfied node-sass true
143 silly hasDependencyInstalled @fromjs/ui sass-loader
144 silly dependencyIsSatisfied [ 'sass-loader',
144 silly dependencyIsSatisfied   '^7.0.1',
144 silly dependencyIsSatisfied   '/Users/mattzeunert/projects/FromJS/packages/ui/node_modules' ]
145 verbose dependencyIsSatisfied sass-loader true
146 silly hasDependencyInstalled @fromjs/ui style-loader
147 silly dependencyIsSatisfied [ 'style-loader',
147 silly dependencyIsSatisfied   '^0.21.0',
147 silly dependencyIsSatisfied   '/Users/mattzeunert/projects/FromJS/packages/ui/node_modules' ]
148 verbose dependencyIsSatisfied style-loader true
149 silly hasDependencyInstalled @fromjs/ui @babel/standalone
150 silly dependencyIsSatisfied [ '@babel/standalone',
150 silly dependencyIsSatisfied   '^7.0.0-beta.42',
150 silly dependencyIsSatisfied   '/Users/mattzeunert/projects/FromJS/packages/ui/node_modules' ]
151 verbose dependencyIsSatisfied @babel/standalone true
152 silly hasDependencyInstalled @fromjs/ui @types/react
153 silly dependencyIsSatisfied [ '@types/react',
153 silly dependencyIsSatisfied   '^16.3.14',
153 silly dependencyIsSatisfied   '/Users/mattzeunert/projects/FromJS/packages/ui/node_modules' ]
154 verbose dependencyIsSatisfied @types/react true
155 silly hasDependencyInstalled @fromjs/ui baobab
156 silly dependencyIsSatisfied [ 'baobab',
156 silly dependencyIsSatisfied   '^2.5.2',
156 silly dependencyIsSatisfied   '/Users/mattzeunert/projects/FromJS/packages/ui/node_modules' ]
157 verbose dependencyIsSatisfied baobab true
158 silly hasDependencyInstalled @fromjs/ui baobab-react
159 silly dependencyIsSatisfied [ 'baobab-react',
159 silly dependencyIsSatisfied   '^3.0.0',
159 silly dependencyIsSatisfied   '/Users/mattzeunert/projects/FromJS/packages/ui/node_modules' ]
160 verbose dependencyIsSatisfied baobab-react true
161 silly hasDependencyInstalled @fromjs/ui classnames
162 silly dependencyIsSatisfied [ 'classnames',
162 silly dependencyIsSatisfied   '^2.2.6',
162 silly dependencyIsSatisfied   '/Users/mattzeunert/projects/FromJS/packages/ui/node_modules' ]
163 verbose dependencyIsSatisfied classnames true
164 silly hasDependencyInstalled @fromjs/ui react
165 silly dependencyIsSatisfied [ 'react',
165 silly dependencyIsSatisfied   '^16.3.2',
165 silly dependencyIsSatisfied   '/Users/mattzeunert/projects/FromJS/packages/ui/node_modules' ]
166 verbose dependencyIsSatisfied react true
167 silly hasDependencyInstalled @fromjs/ui react-dom
168 silly dependencyIsSatisfied [ 'react-dom',
168 silly dependencyIsSatisfied   '^16.3.2',
168 silly dependencyIsSatisfied   '/Users/mattzeunert/projects/FromJS/packages/ui/node_modules' ]
169 verbose dependencyIsSatisfied react-dom true
170 silly hasDependencyInstalled @fromjs/ui source-map-loader
171 silly dependencyIsSatisfied [ 'source-map-loader',
171 silly dependencyIsSatisfied   '^0.2.3',
171 silly dependencyIsSatisfied   '/Users/mattzeunert/projects/FromJS/packages/ui/node_modules' ]
172 verbose dependencyIsSatisfied source-map-loader true
173 silly root dependencies []
174 silly leaf dependencies {
174 silly leaf dependencies   "@fromjs/backend": [
174 silly leaf dependencies     {
174 silly leaf dependencies       "dependency": "error-stack-parser@^2.0.1",
174 silly leaf dependencies       "isSatisfied": false
174 silly leaf dependencies     },
174 silly leaf dependencies     {
174 silly leaf dependencies       "dependency": "stacktrace-gps@^3.0.2",
174 silly leaf dependencies       "isSatisfied": false
174 silly leaf dependencies     },
174 silly leaf dependencies     {
174 silly leaf dependencies       "dependency": "prettier@^1.12.1",
174 silly leaf dependencies       "isSatisfied": false
174 silly leaf dependencies     },
174 silly leaf dependencies     {
174 silly leaf dependencies       "dependency": "@types/jest@^22.2.3",
174 silly leaf dependencies       "isSatisfied": false
174 silly leaf dependencies     },
174 silly leaf dependencies     {
174 silly leaf dependencies       "dependency": "@types/node@^10.1.3",
174 silly leaf dependencies       "isSatisfied": false
174 silly leaf dependencies     },
174 silly leaf dependencies     {
174 silly leaf dependencies       "dependency": "body-parser@^1.18.2",
174 silly leaf dependencies       "isSatisfied": false
174 silly leaf dependencies     },
174 silly leaf dependencies     {
174 silly leaf dependencies       "dependency": "express@^4.16.3",
174 silly leaf dependencies       "isSatisfied": false
174 silly leaf dependencies     },
174 silly leaf dependencies     {
174 silly leaf dependencies       "dependency": "request@^2.85.0",
174 silly leaf dependencies       "isSatisfied": false
174 silly leaf dependencies     },
174 silly leaf dependencies     {
174 silly leaf dependencies       "dependency": "ts-node@^5.0.1",
174 silly leaf dependencies       "isSatisfied": false
174 silly leaf dependencies     },
174 silly leaf dependencies     {
174 silly leaf dependencies       "dependency": "ws@^5.2.0",
174 silly leaf dependencies       "isSatisfied": false
174 silly leaf dependencies     }
174 silly leaf dependencies   ],
174 silly leaf dependencies   "@fromjs/core": [
174 silly leaf dependencies     {
174 silly leaf dependencies       "dependency": "jest@^22.4.2",
174 silly leaf dependencies       "isSatisfied": true
174 silly leaf dependencies     },
174 silly leaf dependencies     {
174 silly leaf dependencies       "dependency": "prettier@^1.11.1",
174 silly leaf dependencies       "isSatisfied": true
174 silly leaf dependencies     },
174 silly leaf dependencies     {
174 silly leaf dependencies       "dependency": "typescript@^2.7.2",
174 silly leaf dependencies       "isSatisfied": true
174 silly leaf dependencies     },
174 silly leaf dependencies     {
174 silly leaf dependencies       "dependency": "@types/jest@^23.0.0",
174 silly leaf dependencies       "isSatisfied": true
174 silly leaf dependencies     },
174 silly leaf dependencies     {
174 silly leaf dependencies       "dependency": "line-column@^1.0.2",
174 silly leaf dependencies       "isSatisfied": true
174 silly leaf dependencies     },
174 silly leaf dependencies     {
174 silly leaf dependencies       "dependency": "webpack-cli@^2.0.14",
174 silly leaf dependencies       "isSatisfied": true
174 silly leaf dependencies     },
174 silly leaf dependencies     {
174 silly leaf dependencies       "dependency": "@babel/core@^7.0.0-beta.40",
174 silly leaf dependencies       "isSatisfied": true
174 silly leaf dependencies     },
174 silly leaf dependencies     {
174 silly leaf dependencies       "dependency": "awesome-typescript-loader@^4.0.1",
174 silly leaf dependencies       "isSatisfied": true
174 silly leaf dependencies     },
174 silly leaf dependencies     {
174 silly leaf dependencies       "dependency": "babylon@^6.18.0",
174 silly leaf dependencies       "isSatisfied": true
174 silly leaf dependencies     },
174 silly leaf dependencies     {
174 silly leaf dependencies       "dependency": "leveldown@^4.0.1",
174 silly leaf dependencies       "isSatisfied": true
174 silly leaf dependencies     },
174 silly leaf dependencies     {
174 silly leaf dependencies       "dependency": "levelup@^3.0.1",
174 silly leaf dependencies       "isSatisfied": true
174 silly leaf dependencies     },
174 silly leaf dependencies     {
174 silly leaf dependencies       "dependency": "ts-loader@^4.1.0",
174 silly leaf dependencies       "isSatisfied": true
174 silly leaf dependencies     },
174 silly leaf dependencies     {
174 silly leaf dependencies       "dependency": "webpack@^4.5.0",
174 silly leaf dependencies       "isSatisfied": true
174 silly leaf dependencies     }
174 silly leaf dependencies   ],
174 silly leaf dependencies   "@fromjs/cli": [
174 silly leaf dependencies     {
174 silly leaf dependencies       "dependency": "@types/node@^10.1.3",
174 silly leaf dependencies       "isSatisfied": true
174 silly leaf dependencies     },
174 silly leaf dependencies     {
174 silly leaf dependencies       "dependency": "commander@^2.15.1",
174 silly leaf dependencies       "isSatisfied": true
174 silly leaf dependencies     },
174 silly leaf dependencies     {
174 silly leaf dependencies       "dependency": "opn@^5.3.0",
174 silly leaf dependencies       "isSatisfied": true
174 silly leaf dependencies     },
174 silly leaf dependencies     {
174 silly leaf dependencies       "dependency": "puppeteer@^1.4.0",
174 silly leaf dependencies       "isSatisfied": true
174 silly leaf dependencies     }
174 silly leaf dependencies   ],
174 silly leaf dependencies   "@fromjs/proxy-instrumenter": [
174 silly leaf dependencies     {
174 silly leaf dependencies       "dependency": "@types/node@^10.1.3",
174 silly leaf dependencies       "isSatisfied": true
174 silly leaf dependencies     },
174 silly leaf dependencies     {
174 silly leaf dependencies       "dependency": "request@^2.83.0",
174 silly leaf dependencies       "isSatisfied": true
174 silly leaf dependencies     },
174 silly leaf dependencies     {
174 silly leaf dependencies       "dependency": "ts-node@^5.0.1",
174 silly leaf dependencies       "isSatisfied": true
174 silly leaf dependencies     },
174 silly leaf dependencies     {
174 silly leaf dependencies       "dependency": "http-mitm-proxy@^0.6.1",
174 silly leaf dependencies       "isSatisfied": true
174 silly leaf dependencies     },
174 silly leaf dependencies     {
174 silly leaf dependencies       "dependency": "threads@^0.10.1",
174 silly leaf dependencies       "isSatisfied": true
174 silly leaf dependencies     },
174 silly leaf dependencies     {
174 silly leaf dependencies       "dependency": "wait-until@^0.0.2",
174 silly leaf dependencies       "isSatisfied": true
174 silly leaf dependencies     }
174 silly leaf dependencies   ],
174 silly leaf dependencies   "@fromjs/ui": [
174 silly leaf dependencies     {
174 silly leaf dependencies       "dependency": "webpack-cli@^2.0.12",
174 silly leaf dependencies       "isSatisfied": true
174 silly leaf dependencies     },
174 silly leaf dependencies     {
174 silly leaf dependencies       "dependency": "awesome-typescript-loader@^4.0.1",
174 silly leaf dependencies       "isSatisfied": true
174 silly leaf dependencies     },
174 silly leaf dependencies     {
174 silly leaf dependencies       "dependency": "ts-loader@^4.1.0",
174 silly leaf dependencies       "isSatisfied": true
174 silly leaf dependencies     },
174 silly leaf dependencies     {
174 silly leaf dependencies       "dependency": "webpack@^4.1.1",
174 silly leaf dependencies       "isSatisfied": true
174 silly leaf dependencies     },
174 silly leaf dependencies     {
174 silly leaf dependencies       "dependency": "css-loader@^0.28.11",
174 silly leaf dependencies       "isSatisfied": true
174 silly leaf dependencies     },
174 silly leaf dependencies     {
174 silly leaf dependencies       "dependency": "node-sass@^4.9.0",
174 silly leaf dependencies       "isSatisfied": true
174 silly leaf dependencies     },
174 silly leaf dependencies     {
174 silly leaf dependencies       "dependency": "sass-loader@^7.0.1",
174 silly leaf dependencies       "isSatisfied": true
174 silly leaf dependencies     },
174 silly leaf dependencies     {
174 silly leaf dependencies       "dependency": "style-loader@^0.21.0",
174 silly leaf dependencies       "isSatisfied": true
174 silly leaf dependencies     },
174 silly leaf dependencies     {
174 silly leaf dependencies       "dependency": "@babel/standalone@^7.0.0-beta.42",
174 silly leaf dependencies       "isSatisfied": true
174 silly leaf dependencies     },
174 silly leaf dependencies     {
174 silly leaf dependencies       "dependency": "@types/react@^16.3.14",
174 silly leaf dependencies       "isSatisfied": true
174 silly leaf dependencies     },
174 silly leaf dependencies     {
174 silly leaf dependencies       "dependency": "baobab@^2.5.2",
174 silly leaf dependencies       "isSatisfied": true
174 silly leaf dependencies     },
174 silly leaf dependencies     {
174 silly leaf dependencies       "dependency": "baobab-react@^3.0.0",
174 silly leaf dependencies       "isSatisfied": true
174 silly leaf dependencies     },
174 silly leaf dependencies     {
174 silly leaf dependencies       "dependency": "classnames@^2.2.6",
174 silly leaf dependencies       "isSatisfied": true
174 silly leaf dependencies     },
174 silly leaf dependencies     {
174 silly leaf dependencies       "dependency": "react@^16.3.2",
174 silly leaf dependencies       "isSatisfied": true
174 silly leaf dependencies     },
174 silly leaf dependencies     {
174 silly leaf dependencies       "dependency": "react-dom@^16.3.2",
174 silly leaf dependencies       "isSatisfied": true
174 silly leaf dependencies     },
174 silly leaf dependencies     {
174 silly leaf dependencies       "dependency": "source-map-loader@^0.2.3",
174 silly leaf dependencies       "isSatisfied": true
174 silly leaf dependencies     }
174 silly leaf dependencies   ]
174 silly leaf dependencies }
175 info Installing external dependencies
176 verbose actions 1 actions, concurrency 4
177 silly installInDir backend [ 'error-stack-parser@^2.0.1',
177 silly installInDir   'stacktrace-gps@^3.0.2',
177 silly installInDir   'prettier@^1.12.1',
177 silly installInDir   '@types/jest@^22.2.3',
177 silly installInDir   '@types/node@^10.1.3',
177 silly installInDir   'body-parser@^1.18.2',
177 silly installInDir   'express@^4.16.3',
177 silly installInDir   'request@^2.85.0',
177 silly installInDir   'ts-node@^5.0.1',
177 silly installInDir   'ws@^5.2.0' ]
178 silly installInDir backup /Users/mattzeunert/projects/FromJS/packages/backend/package.json
179 silly rename [ '/Users/mattzeunert/projects/FromJS/packages/backend/package.json',
179 silly rename   '/Users/mattzeunert/projects/FromJS/packages/backend/package.json.lerna_backup' ]
180 silly installInDir writing tempJson { dependencies:
180 silly installInDir    { 'error-stack-parser': '^2.0.1',
180 silly installInDir      'stacktrace-gps': '^3.0.2',
180 silly installInDir      prettier: '^1.12.1',
180 silly installInDir      '@types/jest': '^22.2.3',
180 silly installInDir      '@types/node': '^10.1.3',
180 silly installInDir      'body-parser': '^1.18.2',
180 silly installInDir      express: '^4.16.3',
180 silly installInDir      request: '^2.85.0',
180 silly installInDir      'ts-node': '^5.0.1',
180 silly installInDir      ws: '^5.2.0' } }
181 silly getExecOpts { cwd: '/Users/mattzeunert/projects/FromJS/packages/backend' }
182 silly installInDir [ 'npm', [ 'install' ] ]
183 silly installInDir cleanup /Users/mattzeunert/projects/FromJS/packages/backend/package.json
184 silly renameSync [ '/Users/mattzeunert/projects/FromJS/packages/backend/package.json.lerna_backup',
184 silly renameSync   '/Users/mattzeunert/projects/FromJS/packages/backend/package.json' ]
185 verbose installed leaf @fromjs/backend
186 error execute callback with error
187 error Error: Command failed: npm install
187 error npm ERR! code ETARGET
187 error npm ERR! notarget No matching version found for @fromjs/core@1.0.0
187 error npm ERR! notarget In most cases you or one of your dependencies are requesting
187 error npm ERR! notarget a package version that doesn't exist.
187 error
187 error npm ERR! A complete log of this run can be found in:
187 error npm ERR!     /Users/mattzeunert/.npm/_logs/2018-06-12T16_52_53_061Z-debug.log
187 error
187 error     at Promise.all.then.arr (/usr/local/lib/node_modules/lerna/node_modules/execa/index.js:236:11)
187 error     at <anonymous>
