0 info it worked if it ends with ok
1 verbose cli [ '/usr/local/bin/node',
1 verbose cli   '/usr/local/bin/npm',
1 verbose cli   'run',
1 verbose cli   'protractor' ]
2 info using npm@3.10.3
3 info using node@v6.3.0
4 verbose run-script [ 'preprotractor', 'protractor', 'postprotractor' ]
5 info lifecycle fromjs-cli@0.3.3~preprotractor: fromjs-cli@0.3.3
6 silly lifecycle fromjs-cli@0.3.3~preprotractor: no script for preprotractor, continuing
7 info lifecycle fromjs-cli@0.3.3~protractor: fromjs-cli@0.3.3
8 verbose lifecycle fromjs-cli@0.3.3~protractor: unsafe-perm in lifecycle true
9 verbose lifecycle fromjs-cli@0.3.3~protractor: PATH: /usr/local/lib/node_modules/npm/bin/node-gyp-bin:/Users/mattzeunert/projects/string-trace/node_modules/.bin:/usr/local/bin:/Users/mattzeunert/depot_tools:/Applications/apache-maven-3.2.3/bin:/usr/bin:/bin:/usr/sbin:/sbin:/usr/local/bin:/Applications/Postgres.app/Contents/Versions/9.3/bin:/opt/X11/bin:/Users/mattzeunert/Applications/otto:/Users/mattzeunert/opt/elasticsearch-1.7.1/bin:/Users/mattzeunert/.rvm/bin
10 verbose lifecycle fromjs-cli@0.3.3~protractor: CWD: /Users/mattzeunert/projects/string-trace
11 silly lifecycle fromjs-cli@0.3.3~protractor: Args: [ '-c', 'protractor src/e2e/conf.js' ]
12 silly lifecycle fromjs-cli@0.3.3~protractor: Returned: code: 1  signal: null
13 info lifecycle fromjs-cli@0.3.3~protractor: Failed to exec protractor script
14 verbose stack Error: fromjs-cli@0.3.3 protractor: `protractor src/e2e/conf.js`
14 verbose stack Exit status 1
14 verbose stack     at EventEmitter.<anonymous> (/usr/local/lib/node_modules/npm/lib/utils/lifecycle.js:242:16)
14 verbose stack     at emitTwo (events.js:106:13)
14 verbose stack     at EventEmitter.emit (events.js:191:7)
14 verbose stack     at ChildProcess.<anonymous> (/usr/local/lib/node_modules/npm/lib/utils/spawn.js:40:14)
14 verbose stack     at emitTwo (events.js:106:13)
14 verbose stack     at ChildProcess.emit (events.js:191:7)
14 verbose stack     at maybeClose (internal/child_process.js:852:16)
14 verbose stack     at Process.ChildProcess._handle.onexit (internal/child_process.js:215:5)
15 verbose pkgid fromjs-cli@0.3.3
16 verbose cwd /Users/mattzeunert/projects/string-trace
17 error Darwin 15.6.0
18 error argv "/usr/local/bin/node" "/usr/local/bin/npm" "run" "protractor"
19 error node v6.3.0
20 error npm  v3.10.3
21 error code ELIFECYCLE
22 error fromjs-cli@0.3.3 protractor: `protractor src/e2e/conf.js`
22 error Exit status 1
23 error Failed at the fromjs-cli@0.3.3 protractor script 'protractor src/e2e/conf.js'.
23 error Make sure you have the latest version of node.js and npm installed.
23 error If you do, this is most likely a problem with the fromjs-cli package,
23 error not with npm itself.
23 error Tell the author that this fails on your system:
23 error     protractor src/e2e/conf.js
23 error You can get information on how to open an issue for this project with:
23 error     npm bugs fromjs-cli
23 error Or if that isn't available, you can get their info via:
23 error     npm owner ls fromjs-cli
23 error There is likely additional logging output above.
24 verbose exit [ 1, true ]
